<?xml version="1.0" encoding="UTF-8"?>
<!-- Generated by org.testng.reporters.JUnitReportReporter -->
<testsuite hostname="MANISHA" failures="0" tests="3" name="allStepDefinitions.Negative_BDD" time="2.317" errors="0" timestamp="2022-02-19T21:45:52 IST" skipped="0">
  <testcase classname="allStepDefinitions.Negative_BDD" name="user_is_on_login_page" time="0.001"/>
  <system-out/>
  <testcase classname="allStepDefinitions.Negative_BDD" name="unsuccessful_login" time="0.011"/>
  <system-out/>
  <testcase classname="allStepDefinitions.Negative_BDD" name="user_enters" time="2.305"/>
  <system-out/>
</testsuite> <!-- allStepDefinitions.Negative_BDD -->
