<?xml version="1.0" encoding="UTF-8"?>
<!-- Generated by org.testng.reporters.JUnitReportReporter -->
<testsuite hostname="MANISHA" failures="0" tests="4" name="allStepDefinitions.parametarization" time="4.525" errors="0" timestamp="2022-02-19T19:40:10 IST" skipped="0">
  <testcase classname="allStepDefinitions.parametarization" name="test_delete" time="0.733"/>
  <system-out/>
  <testcase classname="allStepDefinitions.parametarization" name="test_delete" time="0.741"/>
  <system-out/>
  <testcase classname="allStepDefinitions.parametarization" name="test_delete" time="0.749"/>
  <system-out/>
  <testcase classname="allStepDefinitions.parametarization" name="test_delete" time="2.302"/>
  <system-out/>
</testsuite> <!-- allStepDefinitions.parametarization -->
