<?xml version="1.0" encoding="UTF-8"?>
<!-- Generated by org.testng.reporters.JUnitReportReporter -->
<testsuite hostname="MANISHA" failures="0" tests="3" name="allStepDefinitions.negativeBddSteps" time="2.421" errors="0" timestamp="2022-02-19T21:23:57 IST" skipped="0">
  <testcase classname="allStepDefinitions.negativeBddSteps" name="unsuccessful_login" time="0.014"/>
  <system-out/>
  <testcase classname="allStepDefinitions.negativeBddSteps" name="user_is_on_login_page" time="0.003"/>
  <system-out/>
  <testcase classname="allStepDefinitions.negativeBddSteps" name="user_enters" time="2.404"/>
  <system-out/>
</testsuite> <!-- allStepDefinitions.negativeBddSteps -->
