<?xml version="1.0" encoding="UTF-8"?>
<!-- Generated by org.testng.reporters.JUnitReportReporter -->
<testsuite hostname="MANISHA" failures="0" tests="3" name="allStepDefinitions.Rest_Assured_Assertion$assertion_two" time="1.809" errors="0" timestamp="2022-02-21T09:59:58 IST" skipped="0">
  <testcase classname="allStepDefinitions.Rest_Assured_Assertion$assertion_two" name="validate_response_received" time="0.059"/>
  <system-out/>
  <testcase classname="allStepDefinitions.Rest_Assured_Assertion$assertion_two" name="user_is_on_api" time="0.001"/>
  <system-out/>
  <testcase classname="allStepDefinitions.Rest_Assured_Assertion$assertion_two" name="passing_values_from_get_method" time="1.749"/>
  <system-out/>
</testsuite> <!-- allStepDefinitions.Rest_Assured_Assertion$assertion_two -->
