<?xml version="1.0" encoding="UTF-8"?>
<!-- Generated by org.testng.reporters.JUnitReportReporter -->
<testsuite hostname="MANISHA" failures="0" tests="3" name="allStepDefinitions.Rest_Assured_BDD" time="1.755" errors="0" timestamp="2022-02-20T12:01:08 IST" skipped="0">
  <testcase classname="allStepDefinitions.Rest_Assured_BDD" name="status_code_using_get_method" time="1.743"/>
  <system-out/>
  <testcase classname="allStepDefinitions.Rest_Assured_BDD" name="user_enters_url" time="0.002"/>
  <system-out/>
  <testcase classname="allStepDefinitions.Rest_Assured_BDD" name="status_code_received" time="0.010"/>
  <system-out/>
</testsuite> <!-- allStepDefinitions.Rest_Assured_BDD -->
