<?xml version="1.0" encoding="UTF-8"?>
<!-- Generated by org.testng.reporters.JUnitReportReporter -->
<testsuite hostname="MANISHA" failures="0" tests="2" name="allStepDefinitions.Neg_validation" time="2.577" errors="0" timestamp="2022-02-19T22:26:09 IST" skipped="0">
  <testcase classname="allStepDefinitions.Neg_validation" name="ValidateResponseStatus1" time="1.881"/>
  <system-out/>
  <testcase classname="allStepDefinitions.Neg_validation" name="ValidateResponseStatus2" time="0.696"/>
  <system-out/>
</testsuite> <!-- allStepDefinitions.Neg_validation -->
