<?xml version="1.0" encoding="UTF-8"?>
<!-- Generated by org.testng.reporters.JUnitReportReporter -->
<testsuite hostname="MANISHA" failures="0" tests="1" name="allStepDefinitions.logRestAssured" time="1.561" errors="0" timestamp="2022-02-19T19:55:58 IST" skipped="0">
  <testcase classname="allStepDefinitions.logRestAssured" name="GetMethod" time="1.561"/>
  <system-out/>
</testsuite> <!-- allStepDefinitions.logRestAssured -->
