<?xml version="1.0" encoding="UTF-8"?>
<!-- Generated by org.testng.reporters.JUnitReportReporter -->
<testsuite hostname="MANISHA" failures="0" tests="3" name="allStepDefinitions.Neg_BDD" time="2.288" errors="0" timestamp="2022-02-19T21:49:48 IST" skipped="0">
  <testcase classname="allStepDefinitions.Neg_BDD" name="unsuccessful_login" time="0.010"/>
  <system-out/>
  <testcase classname="allStepDefinitions.Neg_BDD" name="user_is_on_login_page" time="0.001"/>
  <system-out/>
  <testcase classname="allStepDefinitions.Neg_BDD" name="user_enters" time="2.277"/>
  <system-out/>
</testsuite> <!-- allStepDefinitions.Neg_BDD -->
