<?xml version="1.0" encoding="UTF-8"?>
<!-- Generated by org.testng.reporters.JUnitReportReporter -->
<testsuite hostname="MANISHA" failures="0" tests="1" name="allStepDefinitions.RestAssuredAssertion" time="2.541" errors="0" timestamp="2022-02-19T20:16:27 IST" skipped="0">
  <testcase classname="allStepDefinitions.RestAssuredAssertion" name="GetMethod" time="2.541"/>
  <system-out/>
</testsuite> <!-- allStepDefinitions.RestAssuredAssertion -->
